<?xml version="1.0" encoding="UTF-8"?>
<!-- Generated by org.testng.reporters.JUnitReportReporter -->
<testsuite hostname="MacBook-Pro-de-Javier.local" name="com.mo2o.Iberostar.testcases.SmokeTest" tests="1" failures="0" timestamp="1 Oct 2015 20:58:06 GMT" time="88.812" errors="1">
  <testcase name="reservaHotelEMEATarjeta" time="88.812" classname="com.mo2o.Iberostar.testcases.SmokeTest">
    <error type="org.openqa.selenium.TimeoutException" message="Timed out after 35 seconds waiting for presence of element located by: By.id: com.mo2o.iberostar:id/btnReservar
Build info: version: &#039;2.47.1&#039;, revision: &#039;411b314&#039;, time: &#039;2015-07-30 03:03:16&#039;
System info: host: &#039;MacBook-Pro-de-Javier.local&#039;, ip: &#039;192.168.1.102&#039;, os.name: &#039;Mac OS X&#039;, os.arch: &#039;x86_64&#039;, os.version: &#039;10.10.5&#039;, java.version: &#039;1.8.0-ea&#039;
Driver info: io.appium.java_client.android.AndroidDriver
Capabilities [{networkConnectionEnabled=true, warnings={}, databaseEnabled=false, deviceName=W3D7N15724001754, platform=LINUX, appActivity=com.mo2o.iberostar.activities.HomeActivity, desired={appActivity=com.mo2o.iberostar.activities.HomeActivity, automationName=Appium, androidPackage=com.mo2o.iberostar, platformName=Android, udid=W3D7N15724001754, deviceName=W3D7N15724001754}, platformVersion=5.0, webStorageEnabled=false, locationContextEnabled=false, automationName=Appium, androidPackage=com.mo2o.iberostar, browserName=Android, takesScreenshot=true, javascriptEnabled=true, platformName=Android, udid=W3D7N15724001754}]
Session ID: 62e1686c-eb6b-4fc1-a3e3-3cda38012619">
      <![CDATA[org.openqa.selenium.TimeoutException: Timed out after 35 seconds waiting for presence of element located by: By.id: com.mo2o.iberostar:id/btnReservar
Build info: version: '2.47.1', revision: '411b314', time: '2015-07-30 03:03:16'
System info: host: 'MacBook-Pro-de-Javier.local', ip: '192.168.1.102', os.name: 'Mac OS X', os.arch: 'x86_64', os.version: '10.10.5', java.version: '1.8.0-ea'
Driver info: io.appium.java_client.android.AndroidDriver
Capabilities [{networkConnectionEnabled=true, warnings={}, databaseEnabled=false, deviceName=W3D7N15724001754, platform=LINUX, appActivity=com.mo2o.iberostar.activities.HomeActivity, desired={appActivity=com.mo2o.iberostar.activities.HomeActivity, automationName=Appium, androidPackage=com.mo2o.iberostar, platformName=Android, udid=W3D7N15724001754, deviceName=W3D7N15724001754}, platformVersion=5.0, webStorageEnabled=false, locationContextEnabled=false, automationName=Appium, androidPackage=com.mo2o.iberostar, browserName=Android, takesScreenshot=true, javascriptEnabled=true, platformName=Android, udid=W3D7N15724001754}]
Session ID: 62e1686c-eb6b-4fc1-a3e3-3cda38012619
	at org.openqa.selenium.support.ui.WebDriverWait.timeoutException(WebDriverWait.java:80)
	at org.openqa.selenium.support.ui.FluentWait.until(FluentWait.java:229)
	at com.mo2o.Iberostar.functions.CommonFunctions.waitForElements(CommonFunctions.java:103)
	at com.mo2o.Iberostar.functions.HabitacionesScreen.verificarPresenciaBtnReservar(HabitacionesScreen.java:193)
	at com.mo2o.Iberostar.testcases.SmokeTest.reservaHotelEMEATarjeta(SmokeTest.java:45)
	at sun.reflect.NativeMethodAccessorImpl.invoke0(Native Method)
	at sun.reflect.NativeMethodAccessorImpl.invoke(NativeMethodAccessorImpl.java:57)
	at sun.reflect.DelegatingMethodAccessorImpl.invoke(DelegatingMethodAccessorImpl.java:43)
	at java.lang.reflect.Method.invoke(Method.java:491)
	at org.testng.internal.MethodInvocationHelper.invokeMethod(MethodInvocationHelper.java:85)
	at org.testng.internal.Invoker.invokeMethod(Invoker.java:659)
	at org.testng.internal.Invoker.invokeTestMethod(Invoker.java:845)
	at org.testng.internal.Invoker.invokeTestMethods(Invoker.java:1153)
	at org.testng.internal.TestMethodWorker.invokeTestMethods(TestMethodWorker.java:124)
	at org.testng.internal.TestMethodWorker.run(TestMethodWorker.java:108)
	at org.testng.TestRunner.privateRun(TestRunner.java:771)
	at org.testng.TestRunner.run(TestRunner.java:621)
	at org.testng.SuiteRunner.runTest(SuiteRunner.java:357)
	at org.testng.SuiteRunner.runSequentially(SuiteRunner.java:352)
	at org.testng.SuiteRunner.privateRun(SuiteRunner.java:310)
	at org.testng.SuiteRunner.run(SuiteRunner.java:259)
	at org.testng.SuiteRunnerWorker.runSuite(SuiteRunnerWorker.java:52)
	at org.testng.SuiteRunnerWorker.run(SuiteRunnerWorker.java:86)
	at org.testng.TestNG.runSuitesSequentially(TestNG.java:1199)
	at org.testng.TestNG.runSuitesLocally(TestNG.java:1124)
	at org.testng.TestNG.run(TestNG.java:1032)
	at org.testng.remote.RemoteTestNG.run(RemoteTestNG.java:111)
	at org.testng.remote.RemoteTestNG.initAndRun(RemoteTestNG.java:204)
	at org.testng.remote.RemoteTestNG.main(RemoteTestNG.java:175)
Caused by: org.openqa.selenium.NoSuchElementException: An element could not be located on the page using the given search parameters. (WARNING: The server did not provide any stacktrace information)
Command duration or timeout: 1.74 seconds
For documentation on this error, please visit: http://seleniumhq.org/exceptions/no_such_element.html
Build info: version: '2.47.1', revision: '411b314', time: '2015-07-30 03:03:16'
System info: host: 'MacBook-Pro-de-Javier.local', ip: '192.168.1.102', os.name: 'Mac OS X', os.arch: 'x86_64', os.version: '10.10.5', java.version: '1.8.0-ea'
Driver info: io.appium.java_client.android.AndroidDriver
Capabilities [{networkConnectionEnabled=true, warnings={}, databaseEnabled=false, deviceName=W3D7N15724001754, platform=LINUX, appActivity=com.mo2o.iberostar.activities.HomeActivity, desired={appActivity=com.mo2o.iberostar.activities.HomeActivity, automationName=Appium, androidPackage=com.mo2o.iberostar, platformName=Android, udid=W3D7N15724001754, deviceName=W3D7N15724001754}, platformVersion=5.0, webStorageEnabled=false, locationContextEnabled=false, automationName=Appium, androidPackage=com.mo2o.iberostar, browserName=Android, takesScreenshot=true, javascriptEnabled=true, platformName=Android, udid=W3D7N15724001754}]
Session ID: 62e1686c-eb6b-4fc1-a3e3-3cda38012619
*** Element info: {Using=id, value=com.mo2o.iberostar:id/btnReservar}
	at sun.reflect.GeneratedConstructorAccessor16.newInstance(Unknown Source)
	at sun.reflect.DelegatingConstructorAccessorImpl.newInstance(DelegatingConstructorAccessorImpl.java:45)
	at java.lang.reflect.Constructor.newInstance(Constructor.java:414)
	at org.openqa.selenium.remote.ErrorHandler.createThrowable(ErrorHandler.java:206)
	at org.openqa.selenium.remote.ErrorHandler.throwIfResponseFailed(ErrorHandler.java:158)
	at org.openqa.selenium.remote.RemoteWebDriver.execute(RemoteWebDriver.java:595)
	at io.appium.java_client.DefaultGenericMobileDriver.execute(DefaultGenericMobileDriver.java:27)
	at io.appium.java_client.AppiumDriver.execute(AppiumDriver.java:1)
	at io.appium.java_client.android.AndroidDriver.execute(AndroidDriver.java:1)
	at org.openqa.selenium.remote.RemoteWebDriver.findElement(RemoteWebDriver.java:348)
	at org.openqa.selenium.remote.RemoteWebDriver.findElementById(RemoteWebDriver.java:389)
	at io.appium.java_client.DefaultGenericMobileDriver.findElementById(DefaultGenericMobileDriver.java:47)
	at io.appium.java_client.AppiumDriver.findElementById(AppiumDriver.java:1)
	at io.appium.java_client.android.AndroidDriver.findElementById(AndroidDriver.java:1)
	at org.openqa.selenium.By$ById.findElement(By.java:215)
	at org.openqa.selenium.remote.RemoteWebDriver.findElement(RemoteWebDriver.java:340)
	at io.appium.java_client.DefaultGenericMobileDriver.findElement(DefaultGenericMobileDriver.java:37)
	at io.appium.java_client.AppiumDriver.findElement(AppiumDriver.java:1)
	at io.appium.java_client.android.AndroidDriver.findElement(AndroidDriver.java:1)
	at org.openqa.selenium.support.ui.ExpectedConditions.findElement(ExpectedConditions.java:861)
	at org.openqa.selenium.support.ui.ExpectedConditions.access$0(ExpectedConditions.java:859)
	at org.openqa.selenium.support.ui.ExpectedConditions$6.apply(ExpectedConditions.java:181)
	at org.openqa.selenium.support.ui.ExpectedConditions$6.apply(ExpectedConditions.java:1)
	at org.openqa.selenium.support.ui.FluentWait.until(FluentWait.java:209)
	... 27 more
]]>
    </error>
  </testcase> <!-- reservaHotelEMEATarjeta -->
</testsuite> <!-- com.mo2o.Iberostar.testcases.SmokeTest -->
