<?xml version="1.0" encoding="UTF-8"?>
<!-- Generated by org.testng.reporters.JUnitReportReporter -->
<testsuite hostname="MBP-de-Javier.lan" name="com.mo2o.mcfc.testcases.Login" tests="4" failures="0" timestamp="10 Jun 2015 10:26:47 GMT" time="91.599" errors="0">
  <testcase name="TC002" time="34.750" classname="com.mo2o.mcfc.testcases.Login"/>
  <testcase name="TC002" time="10.028" classname="com.mo2o.mcfc.testcases.Login"/>
  <testcase name="TC001" time="29.992" classname="com.mo2o.mcfc.testcases.Login"/>
  <testcase name="TC001" time="16.829" classname="com.mo2o.mcfc.testcases.Login"/>
</testsuite> <!-- com.mo2o.mcfc.testcases.Login -->
