<?xml version="1.0" encoding="UTF-8"?>
<!-- Generated by org.testng.reporters.JUnitReportReporter -->
<testsuite hostname="MBP-de-Javier.localdomain" name="com.mo2o.Carrefour.testcases.SmokeTest" tests="1" failures="0" timestamp="4 Sep 2015 14:24:05 GMT" time="290.643" errors="1">
  <testcase name="CreacionKO" time="290.643" classname="com.mo2o.Carrefour.testcases.SmokeTest">
    <error type="org.openqa.selenium.remote.SessionNotFoundException" message="
Command duration or timeout: 248 milliseconds
Build info: version: &#039;2.47.1&#039;, revision: &#039;411b314&#039;, time: &#039;2015-07-30 03:03:16&#039;
System info: host: &#039;MBP-de-Javier.localdomain&#039;, ip: &#039;10.1.1.174&#039;, os.name: &#039;Mac OS X&#039;, os.arch: &#039;x86_64&#039;, os.version: &#039;10.10.5&#039;, java.version: &#039;1.8.0-ea&#039;
Driver info: io.appium.java_client.android.AndroidDriver
Capabilities [{networkConnectionEnabled=true, warnings={}, databaseEnabled=false, deviceName=05157df5085b9c08, platform=LINUX, appActivity=com.munrodev.crfmobile.activities.SplashActivity, desired={appActivity=com.munrodev.crfmobile.activities.SplashActivity, automationName=Appium, androidPackage=com.munrodev.crfmobile, platformName=Android, udid=05157df5085b9c08, deviceName=05157df5085b9c08}, platformVersion=5.1.1, webStorageEnabled=false, locationContextEnabled=false, automationName=Appium, androidPackage=com.munrodev.crfmobile, browserName=Android, takesScreenshot=true, javascriptEnabled=true, platformName=Android, udid=05157df5085b9c08}]
Session ID: de6fa177-5525-4c40-89df-4aeda211af7a">
      <![CDATA[org.openqa.selenium.remote.SessionNotFoundException: 
Command duration or timeout: 248 milliseconds
Build info: version: '2.47.1', revision: '411b314', time: '2015-07-30 03:03:16'
System info: host: 'MBP-de-Javier.localdomain', ip: '10.1.1.174', os.name: 'Mac OS X', os.arch: 'x86_64', os.version: '10.10.5', java.version: '1.8.0-ea'
Driver info: io.appium.java_client.android.AndroidDriver
Capabilities [{networkConnectionEnabled=true, warnings={}, databaseEnabled=false, deviceName=05157df5085b9c08, platform=LINUX, appActivity=com.munrodev.crfmobile.activities.SplashActivity, desired={appActivity=com.munrodev.crfmobile.activities.SplashActivity, automationName=Appium, androidPackage=com.munrodev.crfmobile, platformName=Android, udid=05157df5085b9c08, deviceName=05157df5085b9c08}, platformVersion=5.1.1, webStorageEnabled=false, locationContextEnabled=false, automationName=Appium, androidPackage=com.munrodev.crfmobile, browserName=Android, takesScreenshot=true, javascriptEnabled=true, platformName=Android, udid=05157df5085b9c08}]
Session ID: de6fa177-5525-4c40-89df-4aeda211af7a
	at sun.reflect.NativeConstructorAccessorImpl.newInstance0(Native Method)
	at sun.reflect.NativeConstructorAccessorImpl.newInstance(NativeConstructorAccessorImpl.java:57)
	at sun.reflect.DelegatingConstructorAccessorImpl.newInstance(DelegatingConstructorAccessorImpl.java:45)
	at java.lang.reflect.Constructor.newInstance(Constructor.java:414)
	at org.openqa.selenium.remote.ErrorHandler.createThrowable(ErrorHandler.java:206)
	at org.openqa.selenium.remote.ErrorHandler.throwIfResponseFailed(ErrorHandler.java:164)
	at org.openqa.selenium.remote.RemoteWebDriver.execute(RemoteWebDriver.java:595)
	at io.appium.java_client.DefaultGenericMobileDriver.execute(DefaultGenericMobileDriver.java:27)
	at io.appium.java_client.AppiumDriver.execute(AppiumDriver.java:1)
	at io.appium.java_client.android.AndroidDriver.execute(AndroidDriver.java:1)
	at org.openqa.selenium.remote.RemoteWebDriver$RemoteWebDriverOptions$RemoteTimeouts.implicitlyWait(RemoteWebDriver.java:774)
	at io.appium.java_client.pagefactory.AppiumElementLocator.changeImplicitlyWaitTimeOut(AppiumElementLocator.java:135)
	at io.appium.java_client.pagefactory.AppiumElementLocator.waitFor(AppiumElementLocator.java:153)
	at io.appium.java_client.pagefactory.AppiumElementLocator.findElement(AppiumElementLocator.java:165)
	at io.appium.java_client.pagefactory.ElementInterceptor.intercept(ElementInterceptor.java:30)
	at io.appium.java_client.android.AndroidElement$$EnhancerByCGLIB$$dcdf5e12.getText(<generated>)
	at com.mo2o.Carrefour.functions.RegistroScreen.createAccountOK(RegistroScreen.java:148)
	at com.mo2o.Carrefour.testcases.SmokeTest.CreacionKO(SmokeTest.java:38)
	at sun.reflect.NativeMethodAccessorImpl.invoke0(Native Method)
	at sun.reflect.NativeMethodAccessorImpl.invoke(NativeMethodAccessorImpl.java:57)
	at sun.reflect.DelegatingMethodAccessorImpl.invoke(DelegatingMethodAccessorImpl.java:43)
	at java.lang.reflect.Method.invoke(Method.java:491)
	at org.testng.internal.MethodInvocationHelper.invokeMethod(MethodInvocationHelper.java:85)
	at org.testng.internal.Invoker.invokeMethod(Invoker.java:659)
	at org.testng.internal.Invoker.invokeTestMethod(Invoker.java:845)
	at org.testng.internal.Invoker.invokeTestMethods(Invoker.java:1153)
	at org.testng.internal.TestMethodWorker.invokeTestMethods(TestMethodWorker.java:124)
	at org.testng.internal.TestMethodWorker.run(TestMethodWorker.java:108)
	at org.testng.TestRunner.privateRun(TestRunner.java:771)
	at org.testng.TestRunner.run(TestRunner.java:621)
	at org.testng.SuiteRunner.runTest(SuiteRunner.java:357)
	at org.testng.SuiteRunner.runSequentially(SuiteRunner.java:352)
	at org.testng.SuiteRunner.privateRun(SuiteRunner.java:310)
	at org.testng.SuiteRunner.run(SuiteRunner.java:259)
	at org.testng.SuiteRunnerWorker.runSuite(SuiteRunnerWorker.java:52)
	at org.testng.SuiteRunnerWorker.run(SuiteRunnerWorker.java:86)
	at org.testng.TestNG.runSuitesSequentially(TestNG.java:1199)
	at org.testng.TestNG.runSuitesLocally(TestNG.java:1124)
	at org.testng.TestNG.run(TestNG.java:1032)
	at org.testng.remote.RemoteTestNG.run(RemoteTestNG.java:111)
	at org.testng.remote.RemoteTestNG.initAndRun(RemoteTestNG.java:204)
	at org.testng.remote.RemoteTestNG.main(RemoteTestNG.java:175)
]]>
    </error>
  </testcase> <!-- CreacionKO -->
</testsuite> <!-- com.mo2o.Carrefour.testcases.SmokeTest -->
